[debug] [2023-03-23T20:36:33.167Z] ----------------------------------------------------------------------
[debug] [2023-03-23T20:36:33.170Z] Command:       C:\Program Files\nodejs\node.exe C:\Users\User\AppData\Roaming\npm\node_modules\firebase-tools\lib\bin\firebase.js deploy
[debug] [2023-03-23T20:36:33.171Z] CLI Version:   11.25.1
[debug] [2023-03-23T20:36:33.171Z] Platform:      win32
[debug] [2023-03-23T20:36:33.171Z] Node Version:  v18.14.0
[debug] [2023-03-23T20:36:33.184Z] Time:          Fri Mar 24 2023 02:36:33 GMT+0600 (Bangladesh Standard Time)
[debug] [2023-03-23T20:36:33.185Z] ----------------------------------------------------------------------
[debug] 
[debug] [2023-03-23T20:36:33.255Z] > command requires scopes: ["email","openid","https://www.googleapis.com/auth/cloudplatformprojects.readonly","https://www.googleapis.com/auth/firebase","https://www.googleapis.com/auth/cloud-platform"]
[debug] [2023-03-23T20:36:33.255Z] > authorizing via signed-in user (tracey@cottagehomecare.com)
[debug] [2023-03-23T20:36:33.255Z] [iam] checking project cottage-home-care-4f1a5 for permissions ["firebase.projects.get","firebasehosting.sites.update"]
[debug] [2023-03-23T20:36:33.257Z] > refreshing access token with scopes: []
[debug] [2023-03-23T20:36:33.258Z] >>> [apiv2][query] POST https://www.googleapis.com/oauth2/v3/token [none]
[debug] [2023-03-23T20:36:33.258Z] >>> [apiv2][body] POST https://www.googleapis.com/oauth2/v3/token [omitted]
[debug] [2023-03-23T20:36:34.286Z] <<< [apiv2][status] POST https://www.googleapis.com/oauth2/v3/token 200
[debug] [2023-03-23T20:36:34.286Z] <<< [apiv2][body] POST https://www.googleapis.com/oauth2/v3/token [omitted]
[debug] [2023-03-23T20:36:34.300Z] >>> [apiv2][query] POST https://cloudresourcemanager.googleapis.com/v1/projects/cottage-home-care-4f1a5:testIamPermissions [none]
[debug] [2023-03-23T20:36:34.300Z] >>> [apiv2][(partial)header] POST https://cloudresourcemanager.googleapis.com/v1/projects/cottage-home-care-4f1a5:testIamPermissions x-goog-quota-user=projects/cottage-home-care-4f1a5
[debug] [2023-03-23T20:36:34.301Z] >>> [apiv2][body] POST https://cloudresourcemanager.googleapis.com/v1/projects/cottage-home-care-4f1a5:testIamPermissions {"permissions":["firebase.projects.get","firebasehosting.sites.update"]}
[debug] [2023-03-23T20:36:35.482Z] <<< [apiv2][status] POST https://cloudresourcemanager.googleapis.com/v1/projects/cottage-home-care-4f1a5:testIamPermissions 200
[debug] [2023-03-23T20:36:35.483Z] <<< [apiv2][body] POST https://cloudresourcemanager.googleapis.com/v1/projects/cottage-home-care-4f1a5:testIamPermissions {"permissions":["firebase.projects.get","firebasehosting.sites.update"]}
[debug] [2023-03-23T20:36:35.485Z] >>> [apiv2][query] GET https://firebase.googleapis.com/v1beta1/projects/cottage-home-care-4f1a5 [none]
[debug] [2023-03-23T20:36:36.852Z] <<< [apiv2][status] GET https://firebase.googleapis.com/v1beta1/projects/cottage-home-care-4f1a5 200
[debug] [2023-03-23T20:36:36.852Z] <<< [apiv2][body] GET https://firebase.googleapis.com/v1beta1/projects/cottage-home-care-4f1a5 {"projectId":"cottage-home-care-4f1a5","projectNumber":"1038075022406","displayName":"cottage-home-care","name":"projects/cottage-home-care-4f1a5","resources":{"hostingSite":"cottage-home-care-4f1a5"},"state":"ACTIVE","etag":"1_a2eb96c0-362c-47d5-8cb2-50d4e775c93c"}
[info] 
[info] === Deploying to 'cottage-home-care-4f1a5'...
[info] 
[info] i  deploying hosting 
[debug] [2023-03-23T20:36:36.857Z] >>> [apiv2][query] POST https://firebasehosting.googleapis.com/v1beta1/projects/-/sites/cottage-home-care-4f1a5/versions [none]
[debug] [2023-03-23T20:36:36.857Z] >>> [apiv2][body] POST https://firebasehosting.googleapis.com/v1beta1/projects/-/sites/cottage-home-care-4f1a5/versions {"status":"CREATED","labels":{"deployment-tool":"cli-firebase"}}
[debug] [2023-03-23T20:36:38.635Z] <<< [apiv2][status] POST https://firebasehosting.googleapis.com/v1beta1/projects/-/sites/cottage-home-care-4f1a5/versions 200
[debug] [2023-03-23T20:36:38.635Z] <<< [apiv2][body] POST https://firebasehosting.googleapis.com/v1beta1/projects/-/sites/cottage-home-care-4f1a5/versions {"name":"projects/1038075022406/sites/cottage-home-care-4f1a5/versions/710c8dd827d1085a","status":"CREATED","config":{},"labels":{"deployment-tool":"cli-firebase"}}
[info] i  hosting[cottage-home-care-4f1a5]: beginning deploy... 
[info] i  hosting[cottage-home-care-4f1a5]: found 42 files in build 
[debug] [2023-03-23T20:36:38.659Z] [hosting] uploading with 200 concurrency
[debug] [2023-03-23T20:36:38.667Z] [hosting] hash cache [YnVpbGQ] stored for 42 files
[debug] [2023-03-23T20:36:38.667Z] [hosting][hash queue][FINAL] {"max":3,"min":0,"avg":0,"active":0,"complete":42,"success":42,"errored":0,"retried":0,"total":42,"elapsed":5}
[debug] [2023-03-23T20:36:38.667Z] >>> [apiv2][query] POST https://firebasehosting.googleapis.com/v1beta1/projects/1038075022406/sites/cottage-home-care-4f1a5/versions/710c8dd827d1085a:populateFiles [none]
[debug] [2023-03-23T20:36:38.667Z] >>> [apiv2][body] POST https://firebasehosting.googleapis.com/v1beta1/projects/1038075022406/sites/cottage-home-care-4f1a5/versions/710c8dd827d1085a:populateFiles {"files":{"/asset-manifest.json":"450f01ba3aafe95a1e040321d2a1be216b18b78ac732d756566978e98532e16f","/blogs.json":"11e414a51b2d0d9661cb66c4417ef76082dfa0e2fcfd7f4195256f17bf5ad2ad","/favicon.ico":"3f8420d8801d4750cb5a63df63f4ea69e8ad234f29c955c4abb840082f0313eb","/index.html":"ab3635761e14eabfc712bd6b8106c7b035f74cac3e099d048299a24778486a67","/logo192.png":"3ee59515172ee198f3be375979df15ac5345183e656720a381b8872b2a39dc8b","/logo512.png":"ee7e2f3fdb8209c4b6fd7bef6ba50d1b9dba30a25bb5c3126df057e1cb6f5331","/manifest.json":"5c997de1364b8be939319fa9209abd77f2caf7f8844999a9e2e9173f844e7840","/robots.txt":"b2090cf9761ef60aa06e4fab97679bd43dfa5e5df073701ead5879d7c68f1ec5","/static/css/main.535dac04.css":"a1ac5b683b939e2ed8a94980111832b9fd95913a3ce0eb480c5bfa05135c2df3","/static/css/main.535dac04.css.map":"23bbaa4cc8bb79a6c7620f672780a0ed68db97b8616b33a693d98f77aabdeb9c","/static/js/787.e41ed028.chunk.js":"7f2480063bfd47c55e2444baae6f1eb3910b0547fd98d7c8680e55665c89d2a3","/static/js/787.e41ed028.chunk.js.map":"de66a3e53a5b9947ffb14030526d612925593f08de5c100c6d812ae631378f15","/static/js/main.696fa02c.js":"204077046e566e982429189bbaecfefecb3a3ddb454dae8d00556ca46462f2f1","/static/js/main.696fa02c.js.LICENSE.txt":"e22a5cc13b4803f02df5d457aa39fa400d61068748839664d5a444957a29a2f6","/static/js/main.696fa02c.js.map":"70cc12578a265e5c819222e2183fb74944f95a2314157bdb437a67216eaa8825","/static/media/Alzhiemers-activities2.3df931bcc797554f7e5c.jpg":"ae06f676e4bcbb4b60c17932539124bb3048df5fac04f320f7cf0fb6ab7e1456","/static/media/bg.fb97bd1e1513497c8162.png":"8557fa090dcee00d09b476b94b678bdac5af53ec9ebe325923a7f7184665cd1f","/static/media/blog.c1bd36957ab18bed4cb1.jpg":"bb9db3daaa711d0d1b794d752dc9990ccdae64d6f602fce3513e19b78fdac342","/static/media/ceo-1.2eb2eed1e48f6e918aa3.jpg":"d2811a1df32b1ec0ef54d039ee6d9349c8110998d2e1a5b20c2ed67414dbe3f2","/static/media/Cinthya_Almendarez.8d584c46411901117b48.jpg":"fdff063fe44a5ff3483235bd00f1353ac959771b9007bb8f5a9957901686b154","/static/media/contact.6641ce73d33062689167.jpg":"f50bb4b07dbff1cdc2a09fa6163c67e0e125dae2704f45dcd84461fa3b5a7a7e","/static/media/cooking2.27f460bfcb362c25dfd6.png":"efba4defffc7f3c58b8efdb1f98c5050da6d8733ee16cd4c12f3a2e4cfa52982","/static/media/Cottage Home.e48d1652b6344dde3539.png":"3f8420d8801d4750cb5a63df63f4ea69e8ad234f29c955c4abb840082f0313eb","/static/media/gfx-a.d46030f16d1a569ce4ee.png":"42a4f95d08bc570e104b7ad60ed2cae581897c176d50b9d8701088e28df06c3f","/static/media/gfx-b.0317e957c9c3e32634b7.png":"caeca7e26d20b31b4dd8b71c02c8a50029ac3c1979a9917c12834ef4147b2961","/static/media/header-b.24cc6e3a3f9edbabab1f.png":"a545ce253917fb0da9265a313d0b4cb750d5ddebb4625219f80ea8fb8986c68f","/static/media/healthier.9dd574c8a27cdf5d8043.jpg":"96fa4235c5f5efb79003d1de47ce51621b2afee1f40eea03433993349ccc79c5","/static/media/help3.bad75964b3195f129109.png":"81840bcc83ec2a56d5d0e2aa6b5f0f38a2876afd788cd25d87a6fc46115985a7","/static/media/hha cover .8c7cc711dcf24a04063b.jpg":"ed57be8b88abe4f64cc5e04b9e4a88089502df1162e3747c5187481400b5d169","/static/media/hhaContactBackground.28b48497a959981c577a.jpg":"bd6120ac8f6e85058541bbb352d664f7e8947e5f845f4fe036a7eb45f2a1714e","/static/media/hhalogo.65022a825b3b34fb5bdc.png":"65f63f27dc0f4792ad17149d5e40ffa7147407565045131f68891bcafd731f3e","/static/media/MainBanner.50eb7b206dd09cdf1f75.jpg":"7e1a3a3883631b621cad1afadf9d0ca13cfcfabba87b864b74e68504058d617d","/static/media/MedicalJobPlacement1.6ba4f53e3902815c9c28.jpg":"0cb947eb6561ea228848e6349fc0f1e60ef4930a35535767b51bba0f6d5a843a","/static/media/Natividad_Mateo_Fernandes.057adce3e79c45b95ddf.jpg":"cd2428679aa9f9c92779333aa138afbd93171ff28c85ebb221329d49134e1a11","/static/media/parkinsons-activities1.83dde1e4552432c9d3c9.jpg":"d39478712d7755080e425e5f02fd23e662882aec3bd1eaa754094f681fbe207a","/static/media/preferred-contact.c6a8b4b7f38c803f0508.jpg":"b39128bc50efe133653e8e4885c91cf51b521b187f15abb74cf2e3b98a91b313","/static/media/preferred-whyus.b821b215c9f1d93bf3e7.png":"c2a76f71cfe8ecb0f283b378c889d389b80873c3813114c194f59342320c05ae","/static/media/preferred-whyus2.8cf42840417169a0ca8e.png":"e231f2e27214aa6a2455aca88f5e8f3da774a46532d520cf24e26ed2576cba4f","/static/media/resources-1.3d954543b1f7c5ca9a6a.jpg":"76d02b473e2baf1639129d0b0cc657edb0fade69c4aa8ffdcae753fc001fbf00","/static/media/shape-d.59ab32c0d2807cca35bf.png":"6f79eb35a31100b58d7cb136ad067f6186ec43c75148c790d730f5d5521292d2","/static/media/Sherry_Ann_Fiedtkou.476a20ba30ed27e9b28c.jpg":"c11c39f18e8f533d89a71d185242cb9a1944a5d851152266095649275d71e85a","/static/media/struggle2.89b3d38e8e94b6469f69.jpg":"7aa75772857535ad5840e3f4cd5e2259d610eac42087c5180b9deef169e049a9"}}
